<?xml version="1.0" encoding="UTF-8"?>
<!-- Generated by org.testng.reporters.JUnitReportReporter -->
<testsuite skipped="0" hostname="DESKTOP-O7H81EM" name="runnerclass.WordtestRunner" tests="1" failures="0" timestamp="2023-06-06T07:28:23 IST" time="98.946" errors="0">
  <testcase name="runScenario" time="98.946" classname="runnerclass.WordtestRunner"/>
  <system-out/>
</testsuite> <!-- runnerclass.WordtestRunner -->
